<html>
<head>
<title>TestNG:  Surefire test</title>
<link href="../testng.css" rel="stylesheet" type="text/css" />
<link href="../my-testng.css" rel="stylesheet" type="text/css" />

<style type="text/css">
.log { display: none;} 
.stack-trace { display: none;} 
</style>
<script type="text/javascript">
<!--
function flip(e) {
  current = e.style.display;
  if (current == 'block') {
    e.style.display = 'none';
    return 0;
  }
  else {
    e.style.display = 'block';
    return 1;
  }
}

function toggleBox(szDivId, elem, msg1, msg2)
{
  var res = -1;  if (document.getElementById) {
    res = flip(document.getElementById(szDivId));
  }
  else if (document.all) {
    // this is the way old msie versions work
    res = flip(document.all[szDivId]);
  }
  if(elem) {
    if(res == 0) elem.innerHTML = msg1; else elem.innerHTML = msg2;
  }

}

function toggleAllBoxes() {
  if (document.getElementsByTagName) {
    d = document.getElementsByTagName('div');
    for (i = 0; i < d.length; i++) {
      if (d[i].className == 'log') {
        flip(d[i]);
      }
    }
  }
}

// -->
</script>

</head>
<body>
<h2 align='center'>Surefire test</h2><table border='1' align="center">
<tr>
<td>Tests passed/Failed/Skipped:</td><td>5/2/0</td>
</tr><tr>
<td>Started on:</td><td>Fri Mar 17 19:38:35 IST 2023</td>
</tr>
<tr><td>Total time:</td><td>22 seconds (22601 ms)</td>
</tr><tr>
<td>Included groups:</td><td></td>
</tr><tr>
<td>Excluded groups:</td><td></td>
</tr>
</table><p/>
<small><i>(Hover the method name to see the test class name)</i></small><p/>
<table width='100%' border='1' class='invocation-failed'>
<tr><td colspan='4' align='center'><b>FAILED TESTS</b></td></tr>
<tr><td><b>Test method</b></td>
<td><b>Attribute(s)</b></td>
<td width="30%"><b>Exception</b></td>
<td width="10%"><b>Time (seconds)</b></td>
<td><b>Instance</b></td>
</tr>
<tr>
<td title='parallel.RunCucumberTest.runScenario()'><b>runScenario</b><br>Test class: parallel.RunCucumberTest<br>Test method: Runs Cucumber Scenarios<br>Parameters: "Scenario Number One", "Scenarios feature file"</td>
<td><div><pre>org.openqa.selenium.SessionNotCreatedException: session not created
from disconnected: received Inspector.detached event
  (Session info: chrome=103.0.5060.66)
Build info: version: &apos;3.141.59&apos;, revision: &apos;e82be7d358&apos;, time: &apos;2018-11-14T08:17:03&apos;
System info: host: &apos;MSI&apos;, ip: &apos;192.168.1.4&apos;, os.name: &apos;Windows 10&apos;, os.arch: &apos;amd64&apos;, os.version: &apos;10.0&apos;, java.version: &apos;18.0.1&apos;
Driver info: driver.version: ChromeDriver
remote stacktrace: Backtrace:
	Ordinal0 [0x00B65FD3+2187219]
	Ordinal0 [0x00AFE6D1+1763025]
	Ordinal0 [0x00A13E78+802424]
	Ordinal0 [0x00A06BAE+748462]
	Ordinal0 [0x00A0679F+747423]
	Ordinal0 [0x00A05D3F+744767]
	Ordinal0 [0x00A04C28+740392]
	Ordinal0 [0x00A050FD+741629]
	Ordinal0 [0x00A04855+739413]
	Ordinal0 [0x00A0FA03+784899]
	Ordinal0 [0x00A04805+739333]
	Ordinal0 [0x00A058E8+743656]
	Ordinal0 [0x00A04C28+740392]
	Ordinal0 [0x00A050FD+741629]
	Ordinal0 [0x00A04855+739413]
	Ordinal0 [0x00A0D6F8+775928]
	Ordinal0 [0x00A04805+739333]
	Ordinal0 [0x00A058E8+743656]
	Ordinal0 [0x00A04C28+740392]
	Ordinal0 [0x00A050FD+741629]
	Ordinal0 [0x00A04855+739413]
	Ordinal0 [0x00A0B492+767122]
	Ordinal0 [0x00A04805+739333]
	Ordinal0 [0x00A058E8+743656]
	Ordinal0 [0x00A04C28+740392]
	Ordinal0 [0x00A050FD+741629]
	Ordinal0 [0x00A04855+739413]
	Ordinal0 [0x00A0002D+720941]
	Ordinal0 [0x00A04805+739333]
	Ordinal0 [0x00A04590+738704]
	Ordinal0 [0x00A042D9+738009]
	Ordinal0 [0x00A151D0+807376]
	Ordinal0 [0x00A62889+1124489]
	Ordinal0 [0x00A6144A+1119306]
	Ordinal0 [0x00A5C9A6+1100198]
	Ordinal0 [0x00A36F80+946048]
	Ordinal0 [0x00A37E76+949878]
	GetHandleVerifier [0x00E090C2+2721218]
	GetHandleVerifier [0x00DFAAF0+2662384]
	GetHandleVerifier [0x00BF137A+526458]
	GetHandleVerifier [0x00BF0416+522518]
	Ordinal0 [0x00B04EAB+1789611]
	Ordinal0 [0x00B097A8+1808296]
	Ordinal0 [0x00B09895+1808533]
	Ordinal0 [0x00B126C1+1844929]
	BaseThreadInitThunk [0x753100F9+25]
	RtlGetAppContainerNamedObjectPath [0x773A7BBE+286]
	RtlGetAppContainerNamedObjectPath [0x773A7B8E+238]

	at org.openqa.selenium.remote.W3CHandshakeResponse.lambda$errorHandler$0(W3CHandshakeResponse.java:62)
	at org.openqa.selenium.remote.HandshakeResponse.lambda$getResponseFunction$0(HandshakeResponse.java:30)
	at org.openqa.selenium.remote.ProtocolHandshake.lambda$createSession$0(ProtocolHandshake.java:126)
	at java.base/java.util.stream.ReferencePipeline$3$1.accept(ReferencePipeline.java:197)
	at java.base/java.util.Spliterators$ArraySpliterator.tryAdvance(Spliterators.java:1002)
	at java.base/java.util.stream.ReferencePipeline.forEachWithCancel(ReferencePipeline.java:129)
	at java.base/java.util.stream.AbstractPipeline.copyIntoWithCancel(AbstractPipeline.java:527)
	at java.base/java.util.stream.AbstractPipeline.copyInto(AbstractPipeline.java:513)
	at java.base/java.util.stream.AbstractPipeline.wrapAndCopyInto(AbstractPipeline.java:499)
	at java.base/java.util.stream.FindOps$FindOp.evaluateSequential(FindOps.java:150)
	at java.base/java.util.stream.AbstractPipeline.evaluate(AbstractPipeline.java:234)
	at java.base/java.util.stream.ReferencePipeline.findFirst(ReferencePipeline.java:647)
	at org.openqa.selenium.remote.ProtocolHandshake.createSession(ProtocolHandshake.java:128)
	at org.openqa.selenium.remote.ProtocolHandshake.createSession(ProtocolHandshake.java:74)
	at org.openqa.selenium.remote.HttpCommandExecutor.execute(HttpCommandExecutor.java:136)
	at org.openqa.selenium.remote.service.DriverCommandExecutor.execute(DriverCommandExecutor.java:83)
	at org.openqa.selenium.remote.RemoteWebDriver.execute(RemoteWebDriver.java:552)
	at org.openqa.selenium.remote.RemoteWebDriver.startSession(RemoteWebDriver.java:213)
	at org.openqa.selenium.remote.RemoteWebDriver.&lt;init&gt;(RemoteWebDriver.java:131)
	at org.openqa.selenium.chrome.ChromeDriver.&lt;init&gt;(ChromeDriver.java:181)
	at org.openqa.selenium.chrome.ChromeDriver.&lt;init&gt;(ChromeDriver.java:168)
	at org.openqa.selenium.chrome.ChromeDriver.&lt;init&gt;(ChromeDriver.java:123)
	at parallel.StepLaunchUrl.setup(StepLaunchUrl.java:18)
... Removed 3 stack frames</pre></div><a href='#' onClick='toggleBox("stack-trace1822000906", this, "Click to show all stack frames", "Click to hide stack frames")'>Click to show all stack frames</a>
<div class='stack-trace' id='stack-trace1822000906'><pre>org.openqa.selenium.SessionNotCreatedException: session not created
from disconnected: received Inspector.detached event
  (Session info: chrome=103.0.5060.66)
Build info: version: &apos;3.141.59&apos;, revision: &apos;e82be7d358&apos;, time: &apos;2018-11-14T08:17:03&apos;
System info: host: &apos;MSI&apos;, ip: &apos;192.168.1.4&apos;, os.name: &apos;Windows 10&apos;, os.arch: &apos;amd64&apos;, os.version: &apos;10.0&apos;, java.version: &apos;18.0.1&apos;
Driver info: driver.version: ChromeDriver
remote stacktrace: Backtrace:
	Ordinal0 [0x00B65FD3+2187219]
	Ordinal0 [0x00AFE6D1+1763025]
	Ordinal0 [0x00A13E78+802424]
	Ordinal0 [0x00A06BAE+748462]
	Ordinal0 [0x00A0679F+747423]
	Ordinal0 [0x00A05D3F+744767]
	Ordinal0 [0x00A04C28+740392]
	Ordinal0 [0x00A050FD+741629]
	Ordinal0 [0x00A04855+739413]
	Ordinal0 [0x00A0FA03+784899]
	Ordinal0 [0x00A04805+739333]
	Ordinal0 [0x00A058E8+743656]
	Ordinal0 [0x00A04C28+740392]
	Ordinal0 [0x00A050FD+741629]
	Ordinal0 [0x00A04855+739413]
	Ordinal0 [0x00A0D6F8+775928]
	Ordinal0 [0x00A04805+739333]
	Ordinal0 [0x00A058E8+743656]
	Ordinal0 [0x00A04C28+740392]
	Ordinal0 [0x00A050FD+741629]
	Ordinal0 [0x00A04855+739413]
	Ordinal0 [0x00A0B492+767122]
	Ordinal0 [0x00A04805+739333]
	Ordinal0 [0x00A058E8+743656]
	Ordinal0 [0x00A04C28+740392]
	Ordinal0 [0x00A050FD+741629]
	Ordinal0 [0x00A04855+739413]
	Ordinal0 [0x00A0002D+720941]
	Ordinal0 [0x00A04805+739333]
	Ordinal0 [0x00A04590+738704]
	Ordinal0 [0x00A042D9+738009]
	Ordinal0 [0x00A151D0+807376]
	Ordinal0 [0x00A62889+1124489]
	Ordinal0 [0x00A6144A+1119306]
	Ordinal0 [0x00A5C9A6+1100198]
	Ordinal0 [0x00A36F80+946048]
	Ordinal0 [0x00A37E76+949878]
	GetHandleVerifier [0x00E090C2+2721218]
	GetHandleVerifier [0x00DFAAF0+2662384]
	GetHandleVerifier [0x00BF137A+526458]
	GetHandleVerifier [0x00BF0416+522518]
	Ordinal0 [0x00B04EAB+1789611]
	Ordinal0 [0x00B097A8+1808296]
	Ordinal0 [0x00B09895+1808533]
	Ordinal0 [0x00B126C1+1844929]
	BaseThreadInitThunk [0x753100F9+25]
	RtlGetAppContainerNamedObjectPath [0x773A7BBE+286]
	RtlGetAppContainerNamedObjectPath [0x773A7B8E+238]

	at java.base/jdk.internal.reflect.DirectConstructorHandleAccessor.newInstance(DirectConstructorHandleAccessor.java:67)
	at java.base/java.lang.reflect.Constructor.newInstanceWithCaller(Constructor.java:499)
	at java.base/java.lang.reflect.Constructor.newInstance(Constructor.java:483)
	at org.openqa.selenium.remote.W3CHandshakeResponse.lambda$errorHandler$0(W3CHandshakeResponse.java:62)
	at org.openqa.selenium.remote.HandshakeResponse.lambda$getResponseFunction$0(HandshakeResponse.java:30)
	at org.openqa.selenium.remote.ProtocolHandshake.lambda$createSession$0(ProtocolHandshake.java:126)
	at java.base/java.util.stream.ReferencePipeline$3$1.accept(ReferencePipeline.java:197)
	at java.base/java.util.Spliterators$ArraySpliterator.tryAdvance(Spliterators.java:1002)
	at java.base/java.util.stream.ReferencePipeline.forEachWithCancel(ReferencePipeline.java:129)
	at java.base/java.util.stream.AbstractPipeline.copyIntoWithCancel(AbstractPipeline.java:527)
	at java.base/java.util.stream.AbstractPipeline.copyInto(AbstractPipeline.java:513)
	at java.base/java.util.stream.AbstractPipeline.wrapAndCopyInto(AbstractPipeline.java:499)
	at java.base/java.util.stream.FindOps$FindOp.evaluateSequential(FindOps.java:150)
	at java.base/java.util.stream.AbstractPipeline.evaluate(AbstractPipeline.java:234)
	at java.base/java.util.stream.ReferencePipeline.findFirst(ReferencePipeline.java:647)
	at org.openqa.selenium.remote.ProtocolHandshake.createSession(ProtocolHandshake.java:128)
	at org.openqa.selenium.remote.ProtocolHandshake.createSession(ProtocolHandshake.java:74)
	at org.openqa.selenium.remote.HttpCommandExecutor.execute(HttpCommandExecutor.java:136)
	at org.openqa.selenium.remote.service.DriverCommandExecutor.execute(DriverCommandExecutor.java:83)
	at org.openqa.selenium.remote.RemoteWebDriver.execute(RemoteWebDriver.java:552)
	at org.openqa.selenium.remote.RemoteWebDriver.startSession(RemoteWebDriver.java:213)
	at org.openqa.selenium.remote.RemoteWebDriver.&lt;init&gt;(RemoteWebDriver.java:131)
	at org.openqa.selenium.chrome.ChromeDriver.&lt;init&gt;(ChromeDriver.java:181)
	at org.openqa.selenium.chrome.ChromeDriver.&lt;init&gt;(ChromeDriver.java:168)
	at org.openqa.selenium.chrome.ChromeDriver.&lt;init&gt;(ChromeDriver.java:123)
	at parallel.StepLaunchUrl.setup(StepLaunchUrl.java:18)
</pre></div></td>
<td>19</td>
<td>parallel.RunCucumberTest@5552768b</td></tr>
<tr>
<td title='parallel.RunCucumberTest.runScenario()'><b>runScenario</b><br>Test class: parallel.RunCucumberTest<br>Test method: Runs Cucumber Scenarios<br>Parameters: "LAunching the google url", "Check the google feature"</td>
<td><div><pre>org.openqa.selenium.NoSuchWindowException: no such window: target window already closed
from unknown error: web view not found
  (Session info: chrome=103.0.5060.66)
Build info: version: &apos;3.141.59&apos;, revision: &apos;e82be7d358&apos;, time: &apos;2018-11-14T08:17:03&apos;
System info: host: &apos;MSI&apos;, ip: &apos;192.168.1.4&apos;, os.name: &apos;Windows 10&apos;, os.arch: &apos;amd64&apos;, os.version: &apos;10.0&apos;, java.version: &apos;18.0.1&apos;
Driver info: org.openqa.selenium.chrome.ChromeDriver
Capabilities {acceptInsecureCerts: false, browserName: chrome, browserVersion: 103.0.5060.66, chrome: {chromedriverVersion: 103.0.5060.134 (8ec6fce403b..., userDataDir: C:\Users\91807\AppData\Loca...}, goog:chromeOptions: {debuggerAddress: localhost:52521}, javascriptEnabled: true, networkConnectionEnabled: false, pageLoadStrategy: normal, platform: WINDOWS, platformName: WINDOWS, proxy: Proxy(), setWindowRect: true, strictFileInteractability: false, timeouts: {implicit: 0, pageLoad: 300000, script: 30000}, unhandledPromptBehavior: dismiss and notify, webauthn:extension:credBlob: true, webauthn:extension:largeBlob: true, webauthn:virtualAuthenticators: true}
Session ID: 90aef8b3e705497d4e7f3bd1f3229975
	at org.openqa.selenium.remote.http.W3CHttpResponseCodec.createException(W3CHttpResponseCodec.java:187)
	at org.openqa.selenium.remote.http.W3CHttpResponseCodec.decode(W3CHttpResponseCodec.java:122)
	at org.openqa.selenium.remote.http.W3CHttpResponseCodec.decode(W3CHttpResponseCodec.java:49)
	at org.openqa.selenium.remote.HttpCommandExecutor.execute(HttpCommandExecutor.java:158)
	at org.openqa.selenium.remote.service.DriverCommandExecutor.execute(DriverCommandExecutor.java:83)
	at org.openqa.selenium.remote.RemoteWebDriver.execute(RemoteWebDriver.java:552)
	at org.openqa.selenium.remote.RemoteWebDriver.execute(RemoteWebDriver.java:609)
	at org.openqa.selenium.remote.RemoteWebDriver.close(RemoteWebDriver.java:442)
	at parallel.StepLaunchUrl.tearDown(StepLaunchUrl.java:43)
... Removed 3 stack frames</pre></div><a href='#' onClick='toggleBox("stack-trace1493231821", this, "Click to show all stack frames", "Click to hide stack frames")'>Click to show all stack frames</a>
<div class='stack-trace' id='stack-trace1493231821'><pre>org.openqa.selenium.NoSuchWindowException: no such window: target window already closed
from unknown error: web view not found
  (Session info: chrome=103.0.5060.66)
Build info: version: &apos;3.141.59&apos;, revision: &apos;e82be7d358&apos;, time: &apos;2018-11-14T08:17:03&apos;
System info: host: &apos;MSI&apos;, ip: &apos;192.168.1.4&apos;, os.name: &apos;Windows 10&apos;, os.arch: &apos;amd64&apos;, os.version: &apos;10.0&apos;, java.version: &apos;18.0.1&apos;
Driver info: org.openqa.selenium.chrome.ChromeDriver
Capabilities {acceptInsecureCerts: false, browserName: chrome, browserVersion: 103.0.5060.66, chrome: {chromedriverVersion: 103.0.5060.134 (8ec6fce403b..., userDataDir: C:\Users\91807\AppData\Loca...}, goog:chromeOptions: {debuggerAddress: localhost:52521}, javascriptEnabled: true, networkConnectionEnabled: false, pageLoadStrategy: normal, platform: WINDOWS, platformName: WINDOWS, proxy: Proxy(), setWindowRect: true, strictFileInteractability: false, timeouts: {implicit: 0, pageLoad: 300000, script: 30000}, unhandledPromptBehavior: dismiss and notify, webauthn:extension:credBlob: true, webauthn:extension:largeBlob: true, webauthn:virtualAuthenticators: true}
Session ID: 90aef8b3e705497d4e7f3bd1f3229975
	at java.base/jdk.internal.reflect.DirectConstructorHandleAccessor.newInstance(DirectConstructorHandleAccessor.java:67)
	at java.base/java.lang.reflect.Constructor.newInstanceWithCaller(Constructor.java:499)
	at java.base/java.lang.reflect.Constructor.newInstance(Constructor.java:483)
	at org.openqa.selenium.remote.http.W3CHttpResponseCodec.createException(W3CHttpResponseCodec.java:187)
	at org.openqa.selenium.remote.http.W3CHttpResponseCodec.decode(W3CHttpResponseCodec.java:122)
	at org.openqa.selenium.remote.http.W3CHttpResponseCodec.decode(W3CHttpResponseCodec.java:49)
	at org.openqa.selenium.remote.HttpCommandExecutor.execute(HttpCommandExecutor.java:158)
	at org.openqa.selenium.remote.service.DriverCommandExecutor.execute(DriverCommandExecutor.java:83)
	at org.openqa.selenium.remote.RemoteWebDriver.execute(RemoteWebDriver.java:552)
	at org.openqa.selenium.remote.RemoteWebDriver.execute(RemoteWebDriver.java:609)
	at org.openqa.selenium.remote.RemoteWebDriver.close(RemoteWebDriver.java:442)
	at parallel.StepLaunchUrl.tearDown(StepLaunchUrl.java:43)
</pre></div></td>
<td>18</td>
<td>parallel.RunCucumberTest@5552768b</td></tr>
</table><p>
<table width='100%' border='1' class='invocation-passed'>
<tr><td colspan='4' align='center'><b>PASSED TESTS</b></td></tr>
<tr><td><b>Test method</b></td>
<td><b>Attribute(s)</b></td>
<td width="30%"><b>Exception</b></td>
<td width="10%"><b>Time (seconds)</b></td>
<td><b>Instance</b></td>
</tr>
<tr>
<td title='parallel.RunCucumberTest.runScenario()'><b>runScenario</b><br>Test class: parallel.RunCucumberTest<br>Test method: Runs Cucumber Scenarios<br>Parameters: "Launch the url for amazon", "Check the amazon functionality"</td>
<td></td>
<td>19</td>
<td>parallel.RunCucumberTest@5552768b</td></tr>
<tr>
<td title='parallel.RunCucumberTest.runScenario()'><b>runScenario</b><br>Test class: parallel.RunCucumberTest<br>Test method: Runs Cucumber Scenarios<br>Parameters: "Scenario Number Two", "Scenarios feature file"</td>
<td></td>
<td>19</td>
<td>parallel.RunCucumberTest@5552768b</td></tr>
<tr>
<td title='parallel.RunCucumberTest.runScenario()'><b>runScenario</b><br>Test class: parallel.RunCucumberTest<br>Test method: Runs Cucumber Scenarios<br>Parameters: "Launching the fb url", "Check the google feature"</td>
<td></td>
<td>22</td>
<td>parallel.RunCucumberTest@5552768b</td></tr>
<tr>
<td title='parallel.RunCucumberTest.runScenario()'><b>runScenario</b><br>Test class: parallel.RunCucumberTest<br>Test method: Runs Cucumber Scenarios<br>Parameters: "Scenario Outline Row 1", "Scenario Outlines feature file"</td>
<td></td>
<td>19</td>
<td>parallel.RunCucumberTest@5552768b</td></tr>
<tr>
<td title='parallel.RunCucumberTest.runScenario()'><b>runScenario</b><br>Test class: parallel.RunCucumberTest<br>Test method: Runs Cucumber Scenarios<br>Parameters: "Scenario Outline Row 2", "Scenario Outlines feature file"</td>
<td></td>
<td>18</td>
<td>parallel.RunCucumberTest@5552768b</td></tr>
</table><p>
</body>
</html>